Started GET "/" for ::1 at 2023-03-16 14:21:30 -0400
Processing by Rails::WelcomeController#index as HTML
  Rendering /Users/ruifelipe/.rvm/gems/ruby-3.1.2/gems/railties-7.0.4.3/lib/rails/templates/rails/welcome/index.html.erb
  Rendered /Users/ruifelipe/.rvm/gems/ruby-3.1.2/gems/railties-7.0.4.3/lib/rails/templates/rails/welcome/index.html.erb (Duration: 3.3ms | Allocations: 585)
Completed 200 OK in 31ms (Views: 12.8ms | ActiveRecord: 0.0ms | Allocations: 4652)


Started GET "/" for ::1 at 2023-03-16 14:24:59 -0400
Processing by Rails::WelcomeController#index as HTML
  Rendering /Users/ruifelipe/.rvm/gems/ruby-3.1.2/gems/railties-7.0.4.3/lib/rails/templates/rails/welcome/index.html.erb
  Rendered /Users/ruifelipe/.rvm/gems/ruby-3.1.2/gems/railties-7.0.4.3/lib/rails/templates/rails/welcome/index.html.erb (Duration: 1.8ms | Allocations: 477)
Completed 200 OK in 16ms (Views: 6.2ms | ActiveRecord: 0.0ms | Allocations: 3313)


Started GET "/" for ::1 at 2023-03-16 14:25:00 -0400
Processing by Rails::WelcomeController#index as HTML
  Rendering /Users/ruifelipe/.rvm/gems/ruby-3.1.2/gems/railties-7.0.4.3/lib/rails/templates/rails/welcome/index.html.erb
  Rendered /Users/ruifelipe/.rvm/gems/ruby-3.1.2/gems/railties-7.0.4.3/lib/rails/templates/rails/welcome/index.html.erb (Duration: 0.7ms | Allocations: 281)
Completed 200 OK in 4ms (Views: 2.5ms | ActiveRecord: 0.0ms | Allocations: 973)


Started GET "/" for ::1 at 2023-03-16 14:29:08 -0400
Processing by HomeController#index as HTML
  Rendering layout layouts/application.html.erb
  Rendering home/index.html.erb within layouts/application
  Rendered home/index.html.erb within layouts/application (Duration: 1.4ms | Allocations: 282)
  Rendered layout layouts/application.html.erb (Duration: 426.0ms | Allocations: 97748)
Completed 200 OK in 440ms (Views: 430.6ms | ActiveRecord: 0.0ms | Allocations: 100754)


Started GET "/" for ::1 at 2023-03-16 14:55:02 -0400
Processing by HomeController#index as HTML
  Rendering home/index.html.erb within layouts/application
  Rendered home/index.html.erb within layouts/application (0.6ms)
Completed 500 Internal Server Error in 200ms


  
SyntaxError (/Users/ruifelipe/Devel/Ontario Tech Local/ChallengeSPM/app/views/home/index.html.erb:7: syntax error, unexpected end-of-input, expecting end):
  
app/views/home/index.html.erb:7: syntax error, unexpected end-of-input, expecting end
Started GET "/" for ::1 at 2023-03-16 14:55:03 -0400
Processing by HomeController#index as HTML
  Rendering home/index.html.erb within layouts/application
  Rendered home/index.html.erb within layouts/application (0.5ms)
Completed 500 Internal Server Error in 3ms


  
SyntaxError (/Users/ruifelipe/Devel/Ontario Tech Local/ChallengeSPM/app/views/home/index.html.erb:7: syntax error, unexpected end-of-input, expecting end):
  
app/views/home/index.html.erb:7: syntax error, unexpected end-of-input, expecting end
Started GET "/" for ::1 at 2023-03-16 14:55:20 -0400
Processing by HomeController#index as HTML
  Rendering home/index.html.erb within layouts/application
  Rendered home/index.html.erb within layouts/application (0.9ms)
Completed 200 OK in 307ms (Views: 305.7ms)


Started GET "/search-by-name?name=marga" for ::1 at 2023-03-16 14:56:15 -0400
Processing by HomeController#search_by_name as HTML
  Parameters: {"name"=>"marga"}
Completed 406 Not Acceptable in 342ms


  
ActionController::UnknownFormat (HomeController#search_by_name is missing a template for this request format and variant.

request.formats: ["text/html"]
request.variant: []

NOTE! For XHR/Ajax or API requests, this action would normally respond with 204 No Content: an empty white screen. Since you're loading it in a web browser, we assume that you expected to actually render a template, not nothing, so we're showing an error to be extra-clear. If you expect 204 No Content, carry on. That's what you'll get from an XHR or API request. Give it a shot.):
  
actionpack (5.1.7) lib/action_controller/metal/implicit_render.rb:53:in `default_render'
actionpack (5.1.7) lib/action_controller/metal/basic_implicit_render.rb:4:in `block in send_action'
actionpack (5.1.7) lib/action_controller/metal/basic_implicit_render.rb:4:in `tap'
actionpack (5.1.7) lib/action_controller/metal/basic_implicit_render.rb:4:in `send_action'
actionpack (5.1.7) lib/abstract_controller/base.rb:186:in `process_action'
actionpack (5.1.7) lib/action_controller/metal/rendering.rb:30:in `process_action'
actionpack (5.1.7) lib/abstract_controller/callbacks.rb:20:in `block in process_action'
activesupport (5.1.7) lib/active_support/callbacks.rb:131:in `run_callbacks'
actionpack (5.1.7) lib/abstract_controller/callbacks.rb:19:in `process_action'
actionpack (5.1.7) lib/action_controller/metal/rescue.rb:20:in `process_action'
actionpack (5.1.7) lib/action_controller/metal/instrumentation.rb:32:in `block in process_action'
activesupport (5.1.7) lib/active_support/notifications.rb:166:in `block in instrument'
activesupport (5.1.7) lib/active_support/notifications/instrumenter.rb:21:in `instrument'
activesupport (5.1.7) lib/active_support/notifications.rb:166:in `instrument'
actionpack (5.1.7) lib/action_controller/metal/instrumentation.rb:30:in `process_action'
actionpack (5.1.7) lib/action_controller/metal/params_wrapper.rb:252:in `process_action'
activerecord (5.1.7) lib/active_record/railties/controller_runtime.rb:22:in `process_action'
actionpack (5.1.7) lib/abstract_controller/base.rb:124:in `process'
actionview (5.1.7) lib/action_view/rendering.rb:30:in `process'
actionpack (5.1.7) lib/action_controller/metal.rb:189:in `dispatch'
actionpack (5.1.7) lib/action_controller/metal.rb:253:in `dispatch'
actionpack (5.1.7) lib/action_dispatch/routing/route_set.rb:49:in `dispatch'
actionpack (5.1.7) lib/action_dispatch/routing/route_set.rb:31:in `serve'
actionpack (5.1.7) lib/action_dispatch/journey/router.rb:50:in `block in serve'
actionpack (5.1.7) lib/action_dispatch/journey/router.rb:33:in `each'
actionpack (5.1.7) lib/action_dispatch/journey/router.rb:33:in `serve'
actionpack (5.1.7) lib/action_dispatch/routing/route_set.rb:844:in `call'
rack (2.2.6.4) lib/rack/etag.rb:27:in `call'
rack (2.2.6.4) lib/rack/conditional_get.rb:27:in `call'
rack (2.2.6.4) lib/rack/head.rb:12:in `call'
rack (2.2.6.4) lib/rack/session/abstract/id.rb:266:in `context'
rack (2.2.6.4) lib/rack/session/abstract/id.rb:260:in `call'
actionpack (5.1.7) lib/action_dispatch/middleware/cookies.rb:613:in `call'
activerecord (5.1.7) lib/active_record/migration.rb:556:in `call'
actionpack (5.1.7) lib/action_dispatch/middleware/callbacks.rb:26:in `block in call'
activesupport (5.1.7) lib/active_support/callbacks.rb:97:in `run_callbacks'
actionpack (5.1.7) lib/action_dispatch/middleware/callbacks.rb:24:in `call'
actionpack (5.1.7) lib/action_dispatch/middleware/executor.rb:12:in `call'
actionpack (5.1.7) lib/action_dispatch/middleware/debug_exceptions.rb:59:in `call'
web-console (3.7.0) lib/web_console/middleware.rb:135:in `call_app'
web-console (3.7.0) lib/web_console/middleware.rb:30:in `block in call'
web-console (3.7.0) lib/web_console/middleware.rb:20:in `catch'
web-console (3.7.0) lib/web_console/middleware.rb:20:in `call'
actionpack (5.1.7) lib/action_dispatch/middleware/show_exceptions.rb:31:in `call'
railties (5.1.7) lib/rails/rack/logger.rb:36:in `call_app'
railties (5.1.7) lib/rails/rack/logger.rb:24:in `block in call'
activesupport (5.1.7) lib/active_support/tagged_logging.rb:69:in `block in tagged'
activesupport (5.1.7) lib/active_support/tagged_logging.rb:26:in `tagged'
activesupport (5.1.7) lib/active_support/tagged_logging.rb:69:in `tagged'
railties (5.1.7) lib/rails/rack/logger.rb:24:in `call'
sprockets-rails (3.2.2) lib/sprockets/rails/quiet_assets.rb:13:in `call'
actionpack (5.1.7) lib/action_dispatch/middleware/remote_ip.rb:79:in `call'
actionpack (5.1.7) lib/action_dispatch/middleware/request_id.rb:25:in `call'
rack (2.2.6.4) lib/rack/method_override.rb:24:in `call'
rack (2.2.6.4) lib/rack/runtime.rb:22:in `call'
activesupport (5.1.7) lib/active_support/cache/strategy/local_cache_middleware.rb:27:in `call'
actionpack (5.1.7) lib/action_dispatch/middleware/executor.rb:12:in `call'
actionpack (5.1.7) lib/action_dispatch/middleware/static.rb:125:in `call'
rack (2.2.6.4) lib/rack/sendfile.rb:110:in `call'
railties (5.1.7) lib/rails/engine.rb:522:in `call'
puma (3.12.6) lib/puma/configuration.rb:227:in `call'
puma (3.12.6) lib/puma/server.rb:706:in `handle_request'
puma (3.12.6) lib/puma/server.rb:476:in `process_client'
puma (3.12.6) lib/puma/server.rb:334:in `block in run'
puma (3.12.6) lib/puma/thread_pool.rb:135:in `block in spawn_thread'
Started GET "/search-by-name?name=marga" for ::1 at 2023-03-16 14:56:57 -0400
Processing by HomeController#search_by_name as HTML
  Parameters: {"name"=>"marga"}
  Rendering home/search_by_name.html.erb within layouts/application
  Rendered home/search_by_name.html.erb within layouts/application (0.5ms)
Completed 200 OK in 221ms (Views: 16.0ms)


Started GET "/search-by-name?name=marga" for ::1 at 2023-03-16 14:56:58 -0400
Processing by HomeController#search_by_name as HTML
  Parameters: {"name"=>"marga"}
  Rendering home/search_by_name.html.erb within layouts/application
  Rendered home/search_by_name.html.erb within layouts/application (0.6ms)
Completed 200 OK in 212ms (Views: 12.7ms)


Started GET "/random" for ::1 at 2023-03-16 14:57:48 -0400
Processing by HomeController#random as HTML
Completed 500 Internal Server Error in 1ms


  
Errno::ENOENT (No such file or directory @ rb_sysopen - www.thecocktaildb.com/api/json/v1/1/random.php):
  
app/controllers/home_controller.rb:19:in `random'
Started GET "/search-by-name?name=marga" for ::1 at 2023-03-16 14:57:55 -0400
Processing by HomeController#search_by_name as HTML
  Parameters: {"name"=>"marga"}
  Rendering home/search_by_name.html.erb within layouts/application
  Rendered home/search_by_name.html.erb within layouts/application (0.5ms)
Completed 200 OK in 223ms (Views: 12.5ms)


Started GET "/random" for ::1 at 2023-03-16 14:58:02 -0400
Processing by HomeController#random as HTML
Completed 500 Internal Server Error in 219ms


  
ActionView::MissingTemplate (Missing template home/random, application/random with {:locale=>[:en], :formats=>[:html], :variants=>[], :handlers=>[:raw, :erb, :html, :builder, :ruby, :coffee, :jbuilder]}. Searched in:
  * "/Users/ruifelipe/Devel/Ontario Tech Local/ChallengeSPM/app/views"
):
  
app/controllers/home_controller.rb:21:in `random'
Started GET "/random" for ::1 at 2023-03-16 14:58:18 -0400
Processing by HomeController#random as HTML
  Rendering home/random.html.erb within layouts/application
  Rendered home/random.html.erb within layouts/application (0.4ms)
Completed 200 OK in 221ms (Views: 17.3ms)


Started GET "/random" for ::1 at 2023-03-16 14:58:19 -0400
Processing by HomeController#random as HTML
  Rendering home/random.html.erb within layouts/application
  Rendered home/random.html.erb within layouts/application (0.3ms)
Completed 200 OK in 217ms (Views: 15.9ms)


Started GET "/random" for ::1 at 2023-03-16 14:58:27 -0400
Processing by HomeController#random as HTML
  Rendering home/random.html.erb within layouts/application
  Rendered home/random.html.erb within layouts/application (1.3ms)
Completed 200 OK in 225ms (Views: 20.5ms)


Started GET "/random" for ::1 at 2023-03-16 14:58:33 -0400
Processing by HomeController#random as HTML
  Rendering home/random.html.erb within layouts/application
  Rendered home/random.html.erb within layouts/application (1.2ms)
Completed 200 OK in 226ms (Views: 23.0ms)


Started GET "/random" for ::1 at 2023-03-16 15:00:00 -0400
Processing by HomeController#random as HTML
  Rendering home/random.html.erb within layouts/application
  Rendered home/random.html.erb within layouts/application (2.5ms)
Completed 500 Internal Server Error in 209ms


  
ActionView::Template::Error (undefined method `[]' for nil:NilClass):
    1: <% @cocktail['drinks'].each do |drink| %>
    2:   Drink: <%= drink['strDrink'] %> <br>
    3:   Instructions: <%= drink['strInstructions'] %> <br>
    4: <% end %>
  
app/views/home/random.html.erb:1:in `_app_views_home_random_html_erb__4116330103125659352_70267861205960'
app/controllers/home_controller.rb:21:in `random'
Started GET "/random" for ::1 at 2023-03-16 15:00:34 -0400
Processing by HomeController#random as HTML
  Rendering home/random.html.erb within layouts/application
  Rendered home/random.html.erb within layouts/application (2.3ms)
Completed 500 Internal Server Error in 204ms


  
ActionView::Template::Error (undefined method `[]' for nil:NilClass):
    1: <% @cocktail['drinks'].each do |drink| %>
    2:   Drink: <%= drink['strDrink'] %> <br>
    3:   Instructions: <%= drink['strInstructions'] %> <br>
    4: <% end %>
  
app/views/home/random.html.erb:1:in `_app_views_home_random_html_erb__4116330103125659352_70267860123180'
app/controllers/home_controller.rb:21:in `random'
Started GET "/random" for ::1 at 2023-03-16 15:00:39 -0400
Processing by HomeController#random as HTML
  Rendering home/random.html.erb within layouts/application
  Rendered home/random.html.erb within layouts/application (0.7ms)
Completed 200 OK in 218ms (Views: 20.0ms)


Started GET "/random" for ::1 at 2023-03-16 15:03:21 -0400
  
SyntaxError (/Users/ruifelipe/Devel/Ontario Tech Local/ChallengeSPM/app/controllers/home_controller.rb:20: syntax error, unexpected tIVAR
.../1/search.php?i=" . @ingredient).read)
...                    ^~~~~~~~~~~
/Users/ruifelipe/Devel/Ontario Tech Local/ChallengeSPM/app/controllers/home_controller.rb:28: syntax error, unexpected end-of-input, expecting end):
  
app/controllers/home_controller.rb:20: syntax error, unexpected tIVAR
app/controllers/home_controller.rb:28: syntax error, unexpected end-of-input, expecting end
Started GET "/random" for ::1 at 2023-03-16 15:03:28 -0400
Processing by HomeController#random as HTML
  Rendering home/random.html.erb within layouts/application
  Rendered home/random.html.erb within layouts/application (0.7ms)
Completed 200 OK in 387ms (Views: 55.3ms)


Started GET "/search-by-name?name=marga" for ::1 at 2023-03-16 15:03:40 -0400
Processing by HomeController#search_by_name as HTML
  Parameters: {"name"=>"marga"}
  Rendering home/search_by_name.html.erb within layouts/application
  Rendered home/search_by_name.html.erb within layouts/application (0.5ms)
Completed 200 OK in 215ms (Views: 14.1ms)


Started GET "/search-by-name?name=marga" for ::1 at 2023-03-16 15:04:31 -0400
Processing by HomeController#search_by_name as HTML
  Parameters: {"name"=>"marga"}
  Rendering home/search_by_name.html.erb within layouts/application
  Rendered home/search_by_name.html.erb within layouts/application (0.8ms)
Completed 200 OK in 221ms (Views: 13.1ms)


Started GET "/search-by-ingredient?name=bodka" for ::1 at 2023-03-16 15:05:31 -0400
  
ActionController::RoutingError (No route matches [GET] "/search-by-ingredient"):
  
actionpack (5.1.7) lib/action_dispatch/middleware/debug_exceptions.rb:63:in `call'
web-console (3.7.0) lib/web_console/middleware.rb:135:in `call_app'
web-console (3.7.0) lib/web_console/middleware.rb:30:in `block in call'
web-console (3.7.0) lib/web_console/middleware.rb:20:in `catch'
web-console (3.7.0) lib/web_console/middleware.rb:20:in `call'
actionpack (5.1.7) lib/action_dispatch/middleware/show_exceptions.rb:31:in `call'
railties (5.1.7) lib/rails/rack/logger.rb:36:in `call_app'
railties (5.1.7) lib/rails/rack/logger.rb:24:in `block in call'
activesupport (5.1.7) lib/active_support/tagged_logging.rb:69:in `block in tagged'
activesupport (5.1.7) lib/active_support/tagged_logging.rb:26:in `tagged'
activesupport (5.1.7) lib/active_support/tagged_logging.rb:69:in `tagged'
railties (5.1.7) lib/rails/rack/logger.rb:24:in `call'
sprockets-rails (3.2.2) lib/sprockets/rails/quiet_assets.rb:13:in `call'
actionpack (5.1.7) lib/action_dispatch/middleware/remote_ip.rb:79:in `call'
actionpack (5.1.7) lib/action_dispatch/middleware/request_id.rb:25:in `call'
rack (2.2.6.4) lib/rack/method_override.rb:24:in `call'
rack (2.2.6.4) lib/rack/runtime.rb:22:in `call'
activesupport (5.1.7) lib/active_support/cache/strategy/local_cache_middleware.rb:27:in `call'
actionpack (5.1.7) lib/action_dispatch/middleware/executor.rb:12:in `call'
actionpack (5.1.7) lib/action_dispatch/middleware/static.rb:125:in `call'
rack (2.2.6.4) lib/rack/sendfile.rb:110:in `call'
railties (5.1.7) lib/rails/engine.rb:522:in `call'
puma (3.12.6) lib/puma/configuration.rb:227:in `call'
puma (3.12.6) lib/puma/server.rb:706:in `handle_request'
puma (3.12.6) lib/puma/server.rb:476:in `process_client'
puma (3.12.6) lib/puma/server.rb:334:in `block in run'
puma (3.12.6) lib/puma/thread_pool.rb:135:in `block in spawn_thread'
Started GET "/search-by-ingredient?name=vodka" for ::1 at 2023-03-16 15:05:33 -0400
  
ActionController::RoutingError (No route matches [GET] "/search-by-ingredient"):
  
actionpack (5.1.7) lib/action_dispatch/middleware/debug_exceptions.rb:63:in `call'
web-console (3.7.0) lib/web_console/middleware.rb:135:in `call_app'
web-console (3.7.0) lib/web_console/middleware.rb:30:in `block in call'
web-console (3.7.0) lib/web_console/middleware.rb:20:in `catch'
web-console (3.7.0) lib/web_console/middleware.rb:20:in `call'
actionpack (5.1.7) lib/action_dispatch/middleware/show_exceptions.rb:31:in `call'
railties (5.1.7) lib/rails/rack/logger.rb:36:in `call_app'
railties (5.1.7) lib/rails/rack/logger.rb:24:in `block in call'
activesupport (5.1.7) lib/active_support/tagged_logging.rb:69:in `block in tagged'
activesupport (5.1.7) lib/active_support/tagged_logging.rb:26:in `tagged'
activesupport (5.1.7) lib/active_support/tagged_logging.rb:69:in `tagged'
railties (5.1.7) lib/rails/rack/logger.rb:24:in `call'
sprockets-rails (3.2.2) lib/sprockets/rails/quiet_assets.rb:13:in `call'
actionpack (5.1.7) lib/action_dispatch/middleware/remote_ip.rb:79:in `call'
actionpack (5.1.7) lib/action_dispatch/middleware/request_id.rb:25:in `call'
rack (2.2.6.4) lib/rack/method_override.rb:24:in `call'
rack (2.2.6.4) lib/rack/runtime.rb:22:in `call'
activesupport (5.1.7) lib/active_support/cache/strategy/local_cache_middleware.rb:27:in `call'
actionpack (5.1.7) lib/action_dispatch/middleware/executor.rb:12:in `call'
actionpack (5.1.7) lib/action_dispatch/middleware/static.rb:125:in `call'
rack (2.2.6.4) lib/rack/sendfile.rb:110:in `call'
railties (5.1.7) lib/rails/engine.rb:522:in `call'
puma (3.12.6) lib/puma/configuration.rb:227:in `call'
puma (3.12.6) lib/puma/server.rb:706:in `handle_request'
puma (3.12.6) lib/puma/server.rb:476:in `process_client'
puma (3.12.6) lib/puma/server.rb:334:in `block in run'
puma (3.12.6) lib/puma/thread_pool.rb:135:in `block in spawn_thread'
Started GET "/serach-by-ingredient?name=vodka" for ::1 at 2023-03-16 15:05:47 -0400
Processing by HomeController#search_by_ingredient as HTML
  Parameters: {"name"=>"vodka"}
Completed 500 Internal Server Error in 0ms


  
TypeError (no implicit conversion of nil into String):
  
app/controllers/home_controller.rb:20:in `+'
app/controllers/home_controller.rb:20:in `search_by_ingredient'
Started GET "/serach-by-ingredient?name=vodka" for ::1 at 2023-03-16 15:05:58 -0400
Processing by HomeController#search_by_ingredient as HTML
  Parameters: {"name"=>"vodka"}
Completed 500 Internal Server Error in 1ms


  
Errno::ENOENT (No such file or directory @ rb_sysopen - www.thecocktaildb.com/api/json/v1/1/search.php?i=vodka):
  
app/controllers/home_controller.rb:20:in `search_by_ingredient'
Started GET "/serach-by-ingredient?name=vodka" for ::1 at 2023-03-16 15:05:59 -0400
Processing by HomeController#search_by_ingredient as HTML
  Parameters: {"name"=>"vodka"}
Completed 500 Internal Server Error in 1ms


  
Errno::ENOENT (No such file or directory @ rb_sysopen - www.thecocktaildb.com/api/json/v1/1/search.php?i=vodka):
  
app/controllers/home_controller.rb:20:in `search_by_ingredient'
Started GET "/serach-by-ingredient?name=vodka" for ::1 at 2023-03-16 15:06:05 -0400
Processing by HomeController#search_by_ingredient as HTML
  Parameters: {"name"=>"vodka"}
  Rendering home/search_by_ingredient.html.erb within layouts/application
  Rendered home/search_by_ingredient.html.erb within layouts/application (0.4ms)
Completed 200 OK in 223ms (Views: 16.8ms)


Started GET "/" for ::1 at 2023-03-16 15:06:37 -0400
Processing by HomeController#index as HTML
  Rendering home/index.html.erb within layouts/application
  Rendered home/index.html.erb within layouts/application (0.9ms)
Completed 200 OK in 20ms (Views: 18.9ms)


Started GET "/" for ::1 at 2023-03-16 15:06:56 -0400
Processing by HomeController#index as HTML
  Rendering home/index.html.erb within layouts/application
  Rendered home/index.html.erb within layouts/application (0.7ms)
Completed 200 OK in 17ms (Views: 15.8ms)


Started GET "/Cocktail_name?utf8=%E2%9C%93&name=fef" for ::1 at 2023-03-16 15:06:58 -0400
  
ActionController::RoutingError (No route matches [GET] "/Cocktail_name"):
  
actionpack (5.1.7) lib/action_dispatch/middleware/debug_exceptions.rb:63:in `call'
web-console (3.7.0) lib/web_console/middleware.rb:135:in `call_app'
web-console (3.7.0) lib/web_console/middleware.rb:30:in `block in call'
web-console (3.7.0) lib/web_console/middleware.rb:20:in `catch'
web-console (3.7.0) lib/web_console/middleware.rb:20:in `call'
actionpack (5.1.7) lib/action_dispatch/middleware/show_exceptions.rb:31:in `call'
railties (5.1.7) lib/rails/rack/logger.rb:36:in `call_app'
railties (5.1.7) lib/rails/rack/logger.rb:24:in `block in call'
activesupport (5.1.7) lib/active_support/tagged_logging.rb:69:in `block in tagged'
activesupport (5.1.7) lib/active_support/tagged_logging.rb:26:in `tagged'
activesupport (5.1.7) lib/active_support/tagged_logging.rb:69:in `tagged'
railties (5.1.7) lib/rails/rack/logger.rb:24:in `call'
sprockets-rails (3.2.2) lib/sprockets/rails/quiet_assets.rb:13:in `call'
actionpack (5.1.7) lib/action_dispatch/middleware/remote_ip.rb:79:in `call'
actionpack (5.1.7) lib/action_dispatch/middleware/request_id.rb:25:in `call'
rack (2.2.6.4) lib/rack/method_override.rb:24:in `call'
rack (2.2.6.4) lib/rack/runtime.rb:22:in `call'
activesupport (5.1.7) lib/active_support/cache/strategy/local_cache_middleware.rb:27:in `call'
actionpack (5.1.7) lib/action_dispatch/middleware/executor.rb:12:in `call'
actionpack (5.1.7) lib/action_dispatch/middleware/static.rb:125:in `call'
rack (2.2.6.4) lib/rack/sendfile.rb:110:in `call'
railties (5.1.7) lib/rails/engine.rb:522:in `call'
puma (3.12.6) lib/puma/configuration.rb:227:in `call'
puma (3.12.6) lib/puma/server.rb:706:in `handle_request'
puma (3.12.6) lib/puma/server.rb:476:in `process_client'
puma (3.12.6) lib/puma/server.rb:334:in `block in run'
puma (3.12.6) lib/puma/thread_pool.rb:135:in `block in spawn_thread'
Started GET "/Cocktail_name?utf8=%E2%9C%93&name=fef" for ::1 at 2023-03-16 15:07:37 -0400
  
ActionController::RoutingError (No route matches [GET] "/Cocktail_name"):
  
actionpack (5.1.7) lib/action_dispatch/middleware/debug_exceptions.rb:63:in `call'
web-console (3.7.0) lib/web_console/middleware.rb:135:in `call_app'
web-console (3.7.0) lib/web_console/middleware.rb:30:in `block in call'
web-console (3.7.0) lib/web_console/middleware.rb:20:in `catch'
web-console (3.7.0) lib/web_console/middleware.rb:20:in `call'
actionpack (5.1.7) lib/action_dispatch/middleware/show_exceptions.rb:31:in `call'
railties (5.1.7) lib/rails/rack/logger.rb:36:in `call_app'
railties (5.1.7) lib/rails/rack/logger.rb:24:in `block in call'
activesupport (5.1.7) lib/active_support/tagged_logging.rb:69:in `block in tagged'
activesupport (5.1.7) lib/active_support/tagged_logging.rb:26:in `tagged'
activesupport (5.1.7) lib/active_support/tagged_logging.rb:69:in `tagged'
railties (5.1.7) lib/rails/rack/logger.rb:24:in `call'
sprockets-rails (3.2.2) lib/sprockets/rails/quiet_assets.rb:13:in `call'
actionpack (5.1.7) lib/action_dispatch/middleware/remote_ip.rb:79:in `call'
actionpack (5.1.7) lib/action_dispatch/middleware/request_id.rb:25:in `call'
rack (2.2.6.4) lib/rack/method_override.rb:24:in `call'
rack (2.2.6.4) lib/rack/runtime.rb:22:in `call'
activesupport (5.1.7) lib/active_support/cache/strategy/local_cache_middleware.rb:27:in `call'
actionpack (5.1.7) lib/action_dispatch/middleware/executor.rb:12:in `call'
actionpack (5.1.7) lib/action_dispatch/middleware/static.rb:125:in `call'
rack (2.2.6.4) lib/rack/sendfile.rb:110:in `call'
railties (5.1.7) lib/rails/engine.rb:522:in `call'
puma (3.12.6) lib/puma/configuration.rb:227:in `call'
puma (3.12.6) lib/puma/server.rb:706:in `handle_request'
puma (3.12.6) lib/puma/server.rb:476:in `process_client'
puma (3.12.6) lib/puma/server.rb:334:in `block in run'
puma (3.12.6) lib/puma/thread_pool.rb:135:in `block in spawn_thread'
Started GET "/" for ::1 at 2023-03-16 15:07:38 -0400
Processing by HomeController#index as HTML
  Rendering home/index.html.erb within layouts/application
  Rendered home/index.html.erb within layouts/application (0.7ms)
Completed 200 OK in 17ms (Views: 15.5ms)


Started GET "/search-by-name?utf8=%E2%9C%93&name=vodka" for ::1 at 2023-03-16 15:07:40 -0400
Processing by HomeController#search_by_name as HTML
  Parameters: {"utf8"=>"✓", "name"=>"vodka"}
  Rendering home/search_by_name.html.erb within layouts/application
  Rendered home/search_by_name.html.erb within layouts/application (1.1ms)
Completed 200 OK in 338ms (Views: 13.5ms)


Started GET "/search-by-name?utf8=%E2%9C%93&name=margarita" for ::1 at 2023-03-16 15:07:44 -0400
Processing by HomeController#search_by_name as HTML
  Parameters: {"utf8"=>"✓", "name"=>"margarita"}
  Rendering home/search_by_name.html.erb within layouts/application
  Rendered home/search_by_name.html.erb within layouts/application (0.5ms)
Completed 200 OK in 215ms (Views: 12.9ms)


Started GET "/" for ::1 at 2023-03-16 15:08:08 -0400
Processing by HomeController#index as HTML
  Rendering home/index.html.erb within layouts/application
  Rendered home/index.html.erb within layouts/application (0.8ms)
Completed 200 OK in 16ms (Views: 14.5ms)


Started GET "/search-by-ingredient?utf8=%E2%9C%93&name=vodka" for ::1 at 2023-03-16 15:08:11 -0400
  
ActionController::RoutingError (No route matches [GET] "/search-by-ingredient"):
  
actionpack (5.1.7) lib/action_dispatch/middleware/debug_exceptions.rb:63:in `call'
web-console (3.7.0) lib/web_console/middleware.rb:135:in `call_app'
web-console (3.7.0) lib/web_console/middleware.rb:30:in `block in call'
web-console (3.7.0) lib/web_console/middleware.rb:20:in `catch'
web-console (3.7.0) lib/web_console/middleware.rb:20:in `call'
actionpack (5.1.7) lib/action_dispatch/middleware/show_exceptions.rb:31:in `call'
railties (5.1.7) lib/rails/rack/logger.rb:36:in `call_app'
railties (5.1.7) lib/rails/rack/logger.rb:24:in `block in call'
activesupport (5.1.7) lib/active_support/tagged_logging.rb:69:in `block in tagged'
activesupport (5.1.7) lib/active_support/tagged_logging.rb:26:in `tagged'
activesupport (5.1.7) lib/active_support/tagged_logging.rb:69:in `tagged'
railties (5.1.7) lib/rails/rack/logger.rb:24:in `call'
sprockets-rails (3.2.2) lib/sprockets/rails/quiet_assets.rb:13:in `call'
actionpack (5.1.7) lib/action_dispatch/middleware/remote_ip.rb:79:in `call'
actionpack (5.1.7) lib/action_dispatch/middleware/request_id.rb:25:in `call'
rack (2.2.6.4) lib/rack/method_override.rb:24:in `call'
rack (2.2.6.4) lib/rack/runtime.rb:22:in `call'
activesupport (5.1.7) lib/active_support/cache/strategy/local_cache_middleware.rb:27:in `call'
actionpack (5.1.7) lib/action_dispatch/middleware/executor.rb:12:in `call'
actionpack (5.1.7) lib/action_dispatch/middleware/static.rb:125:in `call'
rack (2.2.6.4) lib/rack/sendfile.rb:110:in `call'
railties (5.1.7) lib/rails/engine.rb:522:in `call'
puma (3.12.6) lib/puma/configuration.rb:227:in `call'
puma (3.12.6) lib/puma/server.rb:706:in `handle_request'
puma (3.12.6) lib/puma/server.rb:476:in `process_client'
puma (3.12.6) lib/puma/server.rb:334:in `block in run'
puma (3.12.6) lib/puma/thread_pool.rb:135:in `block in spawn_thread'
Started GET "/search-by-ingredient?utf8=%E2%9C%93&name=vodka" for ::1 at 2023-03-16 15:08:28 -0400
Processing by HomeController#search_by_ingredient as HTML
  Parameters: {"utf8"=>"✓", "name"=>"vodka"}
  Rendering home/search_by_ingredient.html.erb within layouts/application
  Rendered home/search_by_ingredient.html.erb within layouts/application (0.5ms)
Completed 200 OK in 226ms (Views: 15.3ms)


Started GET "/" for ::1 at 2023-03-16 15:08:39 -0400
Processing by HomeController#index as HTML
  Rendering home/index.html.erb within layouts/application
  Rendered home/index.html.erb within layouts/application (0.8ms)
Completed 200 OK in 14ms (Views: 13.3ms)


Started GET "/" for ::1 at 2023-03-16 15:08:59 -0400
Processing by HomeController#index as HTML
  Rendering home/index.html.erb within layouts/application
  Rendered home/index.html.erb within layouts/application (0.9ms)
Completed 200 OK in 14ms (Views: 11.6ms)


Started GET "/random" for ::1 at 2023-03-16 15:09:01 -0400
Processing by HomeController#random as HTML
  Rendering home/random.html.erb within layouts/application
  Rendered home/random.html.erb within layouts/application (0.6ms)
Completed 200 OK in 221ms (Views: 13.7ms)


Started GET "/" for ::1 at 2023-03-16 15:10:37 -0400
Processing by HomeController#index as HTML
  Rendering home/index.html.erb within layouts/application
  Rendered home/index.html.erb within layouts/application (0.8ms)
Completed 200 OK in 51ms (Views: 49.1ms)


Started GET "/" for ::1 at 2023-03-16 15:11:01 -0400
Processing by HomeController#index as HTML
  Rendering home/index.html.erb within layouts/application
  Rendered home/index.html.erb within layouts/application (1.1ms)
Completed 200 OK in 14ms (Views: 12.7ms)


Started GET "/" for ::1 at 2023-03-16 15:11:29 -0400
Processing by HomeController#index as HTML
  Rendering home/index.html.erb within layouts/application
  Rendered home/index.html.erb within layouts/application (0.8ms)
Completed 200 OK in 19ms (Views: 17.5ms)


Started GET "/random" for ::1 at 2023-03-16 15:11:33 -0400
Processing by HomeController#random as HTML
  Rendering home/random.html.erb within layouts/application
  Rendered home/random.html.erb within layouts/application (0.5ms)
Completed 200 OK in 333ms (Views: 16.5ms)


Started GET "/random" for ::1 at 2023-03-16 15:11:35 -0400
Processing by HomeController#random as HTML
  Rendering home/random.html.erb within layouts/application
  Rendered home/random.html.erb within layouts/application (0.5ms)
Completed 200 OK in 215ms (Views: 12.0ms)


Started GET "/search-by-name?utf8=%E2%9C%93&name=vodka" for ::1 at 2023-03-16 15:11:40 -0400
Processing by HomeController#search_by_name as HTML
  Parameters: {"utf8"=>"✓", "name"=>"vodka"}
  Rendering home/search_by_name.html.erb within layouts/application
  Rendered home/search_by_name.html.erb within layouts/application (0.7ms)
Completed 200 OK in 217ms (Views: 13.1ms)


Started GET "/search-by-name?utf8=%E2%9C%93&name=vodka" for ::1 at 2023-03-16 15:12:17 -0400
Processing by HomeController#search_by_name as HTML
  Parameters: {"utf8"=>"✓", "name"=>"vodka"}
  Rendering home/search_by_name.html.erb within layouts/application
  Rendered home/search_by_name.html.erb within layouts/application (0.8ms)
Completed 200 OK in 225ms (Views: 17.4ms)


Started GET "/search-by-name?utf8=%E2%9C%93&name=vodka" for ::1 at 2023-03-16 15:12:36 -0400
Processing by HomeController#search_by_name as HTML
  Parameters: {"utf8"=>"✓", "name"=>"vodka"}
  Rendering home/search_by_name.html.erb within layouts/application
  Rendered home/search_by_name.html.erb within layouts/application (0.7ms)
Completed 200 OK in 247ms (Views: 16.1ms)


Started GET "/search-by-name?utf8=%E2%9C%93&name=vodka" for ::1 at 2023-03-16 15:13:13 -0400
Processing by HomeController#search_by_name as HTML
  Parameters: {"utf8"=>"✓", "name"=>"vodka"}
  Rendering home/search_by_name.html.erb within layouts/application
  Rendered home/search_by_name.html.erb within layouts/application (0.5ms)
Completed 200 OK in 216ms (Views: 12.7ms)


Started GET "/search-by-name?utf8=%E2%9C%93&name=vodka" for ::1 at 2023-03-16 15:13:26 -0400
Processing by HomeController#search_by_name as HTML
  Parameters: {"utf8"=>"✓", "name"=>"vodka"}
  Rendering home/search_by_name.html.erb within layouts/application
  Rendered home/search_by_name.html.erb within layouts/application (0.6ms)
Completed 200 OK in 387ms (Views: 13.4ms)


Started GET "/search-by-name?utf8=%E2%9C%93&name=vodka" for ::1 at 2023-03-16 15:13:41 -0400
Processing by HomeController#search_by_name as HTML
  Parameters: {"utf8"=>"✓", "name"=>"vodka"}
  Rendering home/search_by_name.html.erb within layouts/application
  Rendered home/search_by_name.html.erb within layouts/application (0.4ms)
Completed 200 OK in 227ms (Views: 11.1ms)


Started GET "/search-by-name?utf8=%E2%9C%93&name=vodka" for ::1 at 2023-03-16 15:13:54 -0400
Processing by HomeController#search_by_name as HTML
  Parameters: {"utf8"=>"✓", "name"=>"vodka"}
  Rendering home/search_by_name.html.erb within layouts/application
  Rendered home/search_by_name.html.erb within layouts/application (0.5ms)
Completed 200 OK in 220ms (Views: 13.9ms)


Started GET "/search-by-name?utf8=%E2%9C%93&name=vodka" for ::1 at 2023-03-16 15:14:04 -0400
Processing by HomeController#search_by_name as HTML
  Parameters: {"utf8"=>"✓", "name"=>"vodka"}
  Rendering home/search_by_name.html.erb within layouts/application
  Rendered home/search_by_name.html.erb within layouts/application (0.6ms)
Completed 200 OK in 221ms (Views: 14.8ms)


Started GET "/" for ::1 at 2023-03-16 15:14:17 -0400
Processing by HomeController#index as HTML
  Rendering home/index.html.erb within layouts/application
  Rendered home/index.html.erb within layouts/application (0.9ms)
Completed 200 OK in 15ms (Views: 13.8ms)


Started GET "/random" for ::1 at 2023-03-16 15:14:20 -0400
Processing by HomeController#random as HTML
  Rendering home/random.html.erb within layouts/application
  Rendered home/random.html.erb within layouts/application (0.9ms)
Completed 200 OK in 329ms (Views: 108.2ms)


Started GET "/search-by-ingredient?utf8=%E2%9C%93&name=vodka" for ::1 at 2023-03-16 15:14:26 -0400
Processing by HomeController#search_by_ingredient as HTML
  Parameters: {"utf8"=>"✓", "name"=>"vodka"}
  Rendering home/search_by_ingredient.html.erb within layouts/application
  Rendered home/search_by_ingredient.html.erb within layouts/application (0.9ms)
Completed 200 OK in 228ms (Views: 15.4ms)


Started GET "/search-by-ingredient?utf8=%E2%9C%93&name=vodka" for ::1 at 2023-03-16 15:15:02 -0400
Processing by HomeController#search_by_ingredient as HTML
  Parameters: {"utf8"=>"✓", "name"=>"vodka"}
  Rendering home/search_by_ingredient.html.erb within layouts/application
  Rendered home/search_by_ingredient.html.erb within layouts/application (0.7ms)
Completed 200 OK in 223ms (Views: 14.5ms)


Started GET "/search-by-ingredient?utf8=%E2%9C%93&name=vodka" for ::1 at 2023-03-16 15:15:10 -0400
Processing by HomeController#search_by_ingredient as HTML
  Parameters: {"utf8"=>"✓", "name"=>"vodka"}
  Rendering home/search_by_ingredient.html.erb within layouts/application
  Rendered home/search_by_ingredient.html.erb within layouts/application (0.5ms)
Completed 200 OK in 236ms (Views: 14.2ms)


Started GET "/search-by-ingredient?utf8=%E2%9C%93&name=vodka" for ::1 at 2023-03-16 15:15:22 -0400
Processing by HomeController#search_by_ingredient as HTML
  Parameters: {"utf8"=>"✓", "name"=>"vodka"}
  Rendering home/search_by_ingredient.html.erb within layouts/application
  Rendered home/search_by_ingredient.html.erb within layouts/application (0.8ms)
Completed 200 OK in 224ms (Views: 13.8ms)


Started GET "/" for ::1 at 2023-03-16 15:15:31 -0400
Processing by HomeController#index as HTML
  Rendering home/index.html.erb within layouts/application
  Rendered home/index.html.erb within layouts/application (0.8ms)
Completed 200 OK in 16ms (Views: 14.7ms)


Started GET "/" for ::1 at 2023-03-16 15:15:53 -0400
Processing by HomeController#index as HTML
  Rendering home/index.html.erb within layouts/application
  Rendered home/index.html.erb within layouts/application (0.9ms)
Completed 200 OK in 15ms (Views: 13.4ms)


Started GET "/" for ::1 at 2023-03-16 15:16:03 -0400
Processing by HomeController#index as HTML
  Rendering home/index.html.erb within layouts/application
  Rendered home/index.html.erb within layouts/application (0.8ms)
Completed 200 OK in 16ms (Views: 14.5ms)


Started GET "/" for ::1 at 2023-03-16 15:16:06 -0400
Processing by HomeController#index as HTML
  Rendering home/index.html.erb within layouts/application
  Rendered home/index.html.erb within layouts/application (0.9ms)
Completed 200 OK in 15ms (Views: 13.5ms)


Started GET "/" for ::1 at 2023-03-16 15:16:17 -0400
Processing by HomeController#index as HTML
  Rendering home/index.html.erb within layouts/application
  Rendered home/index.html.erb within layouts/application (1.0ms)
Completed 200 OK in 16ms (Views: 14.3ms)


Started GET "/random" for ::1 at 2023-03-16 15:16:19 -0400
Processing by HomeController#random as HTML
  Rendering home/random.html.erb within layouts/application
  Rendered home/random.html.erb within layouts/application (0.5ms)
Completed 200 OK in 234ms (Views: 11.2ms)


Started GET "/" for ::1 at 2023-03-16 15:16:31 -0400
Processing by HomeController#index as HTML
  Rendering home/index.html.erb within layouts/application
  Rendered home/index.html.erb within layouts/application (1.5ms)
Completed 200 OK in 16ms (Views: 14.3ms)


Started GET "/" for ::1 at 2023-03-16 15:16:42 -0400
Processing by HomeController#index as HTML
  Rendering home/index.html.erb within layouts/application
  Rendered home/index.html.erb within layouts/application (1.5ms)
Completed 200 OK in 17ms (Views: 14.6ms)


Started GET "/" for ::1 at 2023-03-16 15:16:54 -0400
Processing by HomeController#index as HTML
  Rendering home/index.html.erb within layouts/application
  Rendered home/index.html.erb within layouts/application (4.1ms)
Completed 200 OK in 39ms (Views: 36.3ms)


Started GET "/" for ::1 at 2023-03-16 15:16:58 -0400
Processing by HomeController#index as HTML
  Rendering home/index.html.erb within layouts/application
  Rendered home/index.html.erb within layouts/application (1.7ms)
Completed 200 OK in 67ms (Views: 63.1ms)


Started GET "/" for ::1 at 2023-03-16 15:17:01 -0400
Processing by HomeController#index as HTML
  Rendering home/index.html.erb within layouts/application
  Rendered home/index.html.erb within layouts/application (2.9ms)
Completed 200 OK in 29ms (Views: 22.6ms)


Started GET "/" for ::1 at 2023-03-16 15:17:07 -0400
Processing by HomeController#index as HTML
  Rendering home/index.html.erb within layouts/application
  Rendered home/index.html.erb within layouts/application (1.5ms)
Completed 200 OK in 17ms (Views: 15.2ms)


Started GET "/search-by-ingredient?utf8=%E2%9C%93&name=vodka&commit=Search" for ::1 at 2023-03-16 15:17:09 -0400
Processing by HomeController#search_by_ingredient as HTML
  Parameters: {"utf8"=>"✓", "name"=>"vodka", "commit"=>"Search"}
  Rendering home/search_by_ingredient.html.erb within layouts/application
  Rendered home/search_by_ingredient.html.erb within layouts/application (0.6ms)
Completed 200 OK in 218ms (Views: 14.1ms)


Started GET "/search-by-ingredient?utf8=%E2%9C%93&name=tomato&commit=Search" for ::1 at 2023-03-16 15:17:12 -0400
Processing by HomeController#search_by_ingredient as HTML
  Parameters: {"utf8"=>"✓", "name"=>"tomato", "commit"=>"Search"}
  Rendering home/search_by_ingredient.html.erb within layouts/application
  Rendered home/search_by_ingredient.html.erb within layouts/application (0.6ms)
Completed 200 OK in 222ms (Views: 13.0ms)


Started GET "/random" for ::1 at 2023-03-16 15:17:17 -0400
Processing by HomeController#random as HTML
  Rendering home/random.html.erb within layouts/application
  Rendered home/random.html.erb within layouts/application (0.7ms)
Completed 200 OK in 275ms (Views: 14.8ms)


Started GET "/" for ::1 at 2023-03-16 15:17:39 -0400
Processing by HomeController#index as HTML
  Rendering home/index.html.erb within layouts/application
  Rendered home/index.html.erb within layouts/application (1.0ms)
Completed 200 OK in 17ms (Views: 14.8ms)


Started GET "/" for ::1 at 2023-03-16 15:17:44 -0400
Processing by HomeController#index as HTML
  Rendering home/index.html.erb within layouts/application
  Rendered home/index.html.erb within layouts/application (1.3ms)
Completed 200 OK in 31ms (Views: 29.5ms)


Started GET "/" for ::1 at 2023-03-16 15:17:52 -0400
Processing by HomeController#index as HTML
  Rendering home/index.html.erb within layouts/application
  Rendered home/index.html.erb within layouts/application (1.1ms)
Completed 200 OK in 17ms (Views: 15.4ms)


Started GET "/random" for ::1 at 2023-03-16 15:17:53 -0400
Processing by HomeController#random as HTML
  Rendering home/random.html.erb within layouts/application
  Rendered home/random.html.erb within layouts/application (0.4ms)
Completed 200 OK in 322ms (Views: 11.8ms)


